<?xml version="1.0" encoding="UTF-8"?>
<!-- Generated by org.testng.reporters.JUnitXMLReporter -->
<testsuite hostname="sunflower-PC" ignored="0" name="Default test" tests="5" failures="0" timestamp="2021-04-15T20:51:46 IST" time="45.331" errors="0">
  <testcase name="testopenBrowser" time="13.94" classname="com.InterestAmount.testcases.homeLoanTestCases"/>
  <testcase name="testHomeEmi" time="14.931" classname="com.InterestAmount.testcases.homeLoanTestCases"/>
  <testcase name="testdataexport" time="14.633" classname="com.InterestAmount.testcases.homeLoanTestCases"/>
  <testcase name="close" time="0.731" classname="com.InterestAmount.testcases.homeLoanTestCases"/>
  <testcase name="endReport" time="1.002" classname="com.InterestAmount.testcases.homeLoanTestCases"/>
</testsuite> <!-- Default test -->
