<?xml version="1.0" encoding="UTF-8"?>
<!-- Generated by org.testng.reporters.JUnitXMLReporter -->
<testsuite ignored="0" hostname="DESKTOP-JBAUR5J" failures="0" tests="16" name="EMI" time="25.266" errors="0" timestamp="2021-04-19T04:45:56 IST">
  <testcase classname="com.InterestAmount.Testcases.LoanEMIUICheckTestCases" name="testopenBrowsertestCase" time="13.039"/>
  <testcase classname="com.InterestAmount.Testcases.LoanEMIUICheckTestCases" name="testloanemicalcnavigate" time="4.988"/>
  <testcase classname="com.InterestAmount.Testcases.LoanEMIUICheckTestCases" name="testfeechargesslider" time="0.324"/>
  <testcase classname="com.InterestAmount.Testcases.LoanEMIUICheckTestCases" name="testfeechargestextbox" time="0.408"/>
  <testcase classname="com.InterestAmount.Testcases.LoanEMIUICheckTestCases" name="testfeeslidercheck" time="1.43"/>
  <testcase classname="com.InterestAmount.Testcases.LoanEMIUICheckTestCases" name="testinterestrateslider" time="0.388"/>
  <testcase classname="com.InterestAmount.Testcases.LoanEMIUICheckTestCases" name="testinterestrateslidercheck" time="0.704"/>
  <testcase classname="com.InterestAmount.Testcases.LoanEMIUICheckTestCases" name="testinterestratetextbox" time="0.463"/>
  <testcase classname="com.InterestAmount.Testcases.LoanEMIUICheckTestCases" name="testloanamtslider" time="0.279"/>
  <testcase classname="com.InterestAmount.Testcases.LoanEMIUICheckTestCases" name="testloanamtslidercheck" time="0.7"/>
  <testcase classname="com.InterestAmount.Testcases.LoanEMIUICheckTestCases" name="testloanamttextbox" time="0.395"/>
  <testcase classname="com.InterestAmount.Testcases.LoanEMIUICheckTestCases" name="testloantermslider" time="0.305"/>
  <testcase classname="com.InterestAmount.Testcases.LoanEMIUICheckTestCases" name="testloantermslidercheck" time="0.642"/>
  <testcase classname="com.InterestAmount.Testcases.LoanEMIUICheckTestCases" name="testloantermtextbox" time="0.362"/>
  <testcase classname="com.InterestAmount.Testcases.LoanEMIUICheckTestCases" name="close" time="0.495"/>
  <testcase classname="com.InterestAmount.Testcases.LoanEMIUICheckTestCases" name="endReport" time="0.215"/>
</testsuite> <!-- EMI -->
