<?xml version="1.0" encoding="UTF-8"?>
<!-- Generated by org.testng.reporters.JUnitXMLReporter -->
<testsuite ignored="0" hostname="DESKTOP-JBAUR5J" failures="0" tests="15" name="homeTest" time="23.4" errors="0" timestamp="2021-04-19T04:46:19 IST">
  <testcase classname="com.InterestAmount.Testcases.LoanAmountCalculatorUICheckTestcases" name="testloancalcnavigate" time="5.87"/>
  <testcase classname="com.InterestAmount.Testcases.LoanAmountCalculatorUICheckTestcases" name="TestFeeChargeSliderCheck" time="1.188"/>
  <testcase classname="com.InterestAmount.Testcases.LoanAmountCalculatorUICheckTestcases" name="TestFeechargesSlider" time="0.284"/>
  <testcase classname="com.InterestAmount.Testcases.LoanAmountCalculatorUICheckTestcases" name="TestFeechargesTextbox" time="0.265"/>
  <testcase classname="com.InterestAmount.Testcases.LoanAmountCalculatorUICheckTestcases" name="TestLoanTenureSlidercheck" time="0.668"/>
  <testcase classname="com.InterestAmount.Testcases.LoanAmountCalculatorUICheckTestcases" name="testEMIslider" time="0.286"/>
  <testcase classname="com.InterestAmount.Testcases.LoanAmountCalculatorUICheckTestcases" name="testEMIslidercheck" time="0.652"/>
  <testcase classname="com.InterestAmount.Testcases.LoanAmountCalculatorUICheckTestcases" name="testEMItextbox" time="0.327"/>
  <testcase classname="com.InterestAmount.Testcases.LoanAmountCalculatorUICheckTestcases" name="testinterestrateslider" time="0.208"/>
  <testcase classname="com.InterestAmount.Testcases.LoanAmountCalculatorUICheckTestcases" name="testinterestrateslidercheck" time="0.621"/>
  <testcase classname="com.InterestAmount.Testcases.LoanAmountCalculatorUICheckTestcases" name="testinterestratetextbox" time="0.371"/>
  <testcase classname="com.InterestAmount.Testcases.LoanAmountCalculatorUICheckTestcases" name="testloantermslider" time="0.182"/>
  <testcase classname="com.InterestAmount.Testcases.LoanAmountCalculatorUICheckTestcases" name="testloantermtextbox" time="0.24"/>
  <testcase classname="com.InterestAmount.Testcases.LoanAmountCalculatorUICheckTestcases" name="close" time="0.336"/>
  <testcase classname="com.InterestAmount.Testcases.LoanAmountCalculatorUICheckTestcases" name="endReport" time="0.198"/>
</testsuite> <!-- homeTest -->
