<?xml version="1.0" encoding="UTF-8"?>
<!-- Generated by org.testng.reporters.JUnitXMLReporter -->
<testsuite ignored="0" hostname="DESKTOP-JBAUR5J" failures="0" tests="16" name="Loan Tenure" time="28.853" errors="0" timestamp="2021-04-19T04:46:48 IST">
  <testcase classname="com.InterestAmount.Testcases.LoanTenureCalculatorUICheckTestCases" name="openBrowsertestCase" time="14.029"/>
  <testcase classname="com.InterestAmount.Testcases.LoanTenureCalculatorUICheckTestCases" name="testloanTenurenavigate" time="6.107"/>
  <testcase classname="com.InterestAmount.Testcases.LoanTenureCalculatorUICheckTestCases" name="testEMItextbox" time="0.391"/>
  <testcase classname="com.InterestAmount.Testcases.LoanTenureCalculatorUICheckTestCases" name="testemislider" time="0.318"/>
  <testcase classname="com.InterestAmount.Testcases.LoanTenureCalculatorUICheckTestCases" name="testemislidercheck" time="3.623"/>
  <testcase classname="com.InterestAmount.Testcases.LoanTenureCalculatorUICheckTestCases" name="testfeechargesslider" time="0.148"/>
  <testcase classname="com.InterestAmount.Testcases.LoanTenureCalculatorUICheckTestCases" name="testfeechargestextbox" time="0.154"/>
  <testcase classname="com.InterestAmount.Testcases.LoanTenureCalculatorUICheckTestCases" name="testfeeslidercheck" time="0.664"/>
  <testcase classname="com.InterestAmount.Testcases.LoanTenureCalculatorUICheckTestCases" name="testinterestRatetextbox" time="0.233"/>
  <testcase classname="com.InterestAmount.Testcases.LoanTenureCalculatorUICheckTestCases" name="testloanAmountslider" time="0.25"/>
  <testcase classname="com.InterestAmount.Testcases.LoanTenureCalculatorUICheckTestCases" name="testloanAmountslidercheck" time="0.573"/>
  <testcase classname="com.InterestAmount.Testcases.LoanTenureCalculatorUICheckTestCases" name="testloanAmounttextbox" time="0.446"/>
  <testcase classname="com.InterestAmount.Testcases.LoanTenureCalculatorUICheckTestCases" name="testloantermslider" time="0.249"/>
  <testcase classname="com.InterestAmount.Testcases.LoanTenureCalculatorUICheckTestCases" name="testloantermslidercheck" time="0.698"/>
  <testcase classname="com.InterestAmount.Testcases.LoanTenureCalculatorUICheckTestCases" name="testclose" time="0.675"/>
  <testcase classname="com.InterestAmount.Testcases.LoanTenureCalculatorUICheckTestCases" name="testendReport" time="0.215"/>
</testsuite> <!-- Loan Tenure -->
