<?xml version="1.0" encoding="UTF-8"?>
<!-- Generated by org.testng.reporters.JUnitXMLReporter -->
<testsuite ignored="0" hostname="DESKTOP-JBAUR5J" failures="0" tests="5" name="homeLoan" time="36.978" errors="0" timestamp="2021-04-19T04:40:15 IST">
  <testcase classname="com.InterestAmount.Testcases.HomeLoanCalculatorTestCases" name="testopenBrowser" time="19.992"/>
  <testcase classname="com.InterestAmount.Testcases.HomeLoanCalculatorTestCases" name="testHomeEmi" time="3.081"/>
  <testcase classname="com.InterestAmount.Testcases.HomeLoanCalculatorTestCases" name="testdataexport" time="9.492"/>
  <testcase classname="com.InterestAmount.Testcases.HomeLoanCalculatorTestCases" name="close" time="4.168"/>
  <testcase classname="com.InterestAmount.Testcases.HomeLoanCalculatorTestCases" name="endReport" time="0.235"/>
</testsuite> <!-- homeLoan -->
