<?xml version="1.0" encoding="UTF-8"?>
<testng-results ignored="0" total="57" passed="56" failed="1" skipped="0">
  <reporter-output>
  </reporter-output>
  <suite started-at="2021-04-19T04:38:47 IST" name="Suite" finished-at="2021-04-19T04:43:01 IST" duration-ms="254564">
    <groups>
      <group name="UICheck">
        <method signature="LoanEMIUICheckTestCases.testfeechargesslider()[pri:2, instance:com.InterestAmount.Testcases.LoanEMIUICheckTestCases@53fe15ff]" name="testfeechargesslider" class="com.InterestAmount.Testcases.LoanEMIUICheckTestCases"/>
        <method signature="LoanEMIUICheckTestCases.testfeechargestextbox()[pri:2, instance:com.InterestAmount.Testcases.LoanEMIUICheckTestCases@53fe15ff]" name="testfeechargestextbox" class="com.InterestAmount.Testcases.LoanEMIUICheckTestCases"/>
        <method signature="LoanEMIUICheckTestCases.testfeeslidercheck()[pri:2, instance:com.InterestAmount.Testcases.LoanEMIUICheckTestCases@53fe15ff]" name="testfeeslidercheck" class="com.InterestAmount.Testcases.LoanEMIUICheckTestCases"/>
        <method signature="LoanEMIUICheckTestCases.testinterestrateslider()[pri:2, instance:com.InterestAmount.Testcases.LoanEMIUICheckTestCases@53fe15ff]" name="testinterestrateslider" class="com.InterestAmount.Testcases.LoanEMIUICheckTestCases"/>
        <method signature="LoanEMIUICheckTestCases.testinterestrateslidercheck()[pri:2, instance:com.InterestAmount.Testcases.LoanEMIUICheckTestCases@53fe15ff]" name="testinterestrateslidercheck" class="com.InterestAmount.Testcases.LoanEMIUICheckTestCases"/>
        <method signature="LoanEMIUICheckTestCases.testinterestratetextbox()[pri:2, instance:com.InterestAmount.Testcases.LoanEMIUICheckTestCases@53fe15ff]" name="testinterestratetextbox" class="com.InterestAmount.Testcases.LoanEMIUICheckTestCases"/>
        <method signature="LoanEMIUICheckTestCases.testloanamtslider()[pri:2, instance:com.InterestAmount.Testcases.LoanEMIUICheckTestCases@53fe15ff]" name="testloanamtslider" class="com.InterestAmount.Testcases.LoanEMIUICheckTestCases"/>
        <method signature="LoanEMIUICheckTestCases.testloanamtslidercheck()[pri:2, instance:com.InterestAmount.Testcases.LoanEMIUICheckTestCases@53fe15ff]" name="testloanamtslidercheck" class="com.InterestAmount.Testcases.LoanEMIUICheckTestCases"/>
        <method signature="LoanEMIUICheckTestCases.testloanamttextbox()[pri:2, instance:com.InterestAmount.Testcases.LoanEMIUICheckTestCases@53fe15ff]" name="testloanamttextbox" class="com.InterestAmount.Testcases.LoanEMIUICheckTestCases"/>
        <method signature="LoanEMIUICheckTestCases.testloanemicalcnavigate()[pri:1, instance:com.InterestAmount.Testcases.LoanEMIUICheckTestCases@53fe15ff]" name="testloanemicalcnavigate" class="com.InterestAmount.Testcases.LoanEMIUICheckTestCases"/>
        <method signature="LoanEMIUICheckTestCases.testloantermslider()[pri:2, instance:com.InterestAmount.Testcases.LoanEMIUICheckTestCases@53fe15ff]" name="testloantermslider" class="com.InterestAmount.Testcases.LoanEMIUICheckTestCases"/>
        <method signature="LoanEMIUICheckTestCases.testloantermslidercheck()[pri:2, instance:com.InterestAmount.Testcases.LoanEMIUICheckTestCases@53fe15ff]" name="testloantermslidercheck" class="com.InterestAmount.Testcases.LoanEMIUICheckTestCases"/>
        <method signature="LoanEMIUICheckTestCases.testloantermtextbox()[pri:2, instance:com.InterestAmount.Testcases.LoanEMIUICheckTestCases@53fe15ff]" name="testloantermtextbox" class="com.InterestAmount.Testcases.LoanEMIUICheckTestCases"/>
        <method signature="LoanAmountCalculatorUICheckTestcases.TestFeeChargeSliderCheck()[pri:2, instance:com.InterestAmount.Testcases.LoanAmountCalculatorUICheckTestcases@19e4653c]" name="TestFeeChargeSliderCheck" class="com.InterestAmount.Testcases.LoanAmountCalculatorUICheckTestcases"/>
        <method signature="LoanAmountCalculatorUICheckTestcases.TestFeechargesSlider()[pri:2, instance:com.InterestAmount.Testcases.LoanAmountCalculatorUICheckTestcases@19e4653c]" name="TestFeechargesSlider" class="com.InterestAmount.Testcases.LoanAmountCalculatorUICheckTestcases"/>
        <method signature="LoanAmountCalculatorUICheckTestcases.TestFeechargesTextbox()[pri:2, instance:com.InterestAmount.Testcases.LoanAmountCalculatorUICheckTestcases@19e4653c]" name="TestFeechargesTextbox" class="com.InterestAmount.Testcases.LoanAmountCalculatorUICheckTestcases"/>
        <method signature="LoanAmountCalculatorUICheckTestcases.TestLoanTenureSlidercheck()[pri:2, instance:com.InterestAmount.Testcases.LoanAmountCalculatorUICheckTestcases@19e4653c]" name="TestLoanTenureSlidercheck" class="com.InterestAmount.Testcases.LoanAmountCalculatorUICheckTestcases"/>
        <method signature="LoanAmountCalculatorUICheckTestcases.testEMIslider()[pri:2, instance:com.InterestAmount.Testcases.LoanAmountCalculatorUICheckTestcases@19e4653c]" name="testEMIslider" class="com.InterestAmount.Testcases.LoanAmountCalculatorUICheckTestcases"/>
        <method signature="LoanAmountCalculatorUICheckTestcases.testEMIslidercheck()[pri:2, instance:com.InterestAmount.Testcases.LoanAmountCalculatorUICheckTestcases@19e4653c]" name="testEMIslidercheck" class="com.InterestAmount.Testcases.LoanAmountCalculatorUICheckTestcases"/>
        <method signature="LoanAmountCalculatorUICheckTestcases.testEMItextbox()[pri:2, instance:com.InterestAmount.Testcases.LoanAmountCalculatorUICheckTestcases@19e4653c]" name="testEMItextbox" class="com.InterestAmount.Testcases.LoanAmountCalculatorUICheckTestcases"/>
        <method signature="LoanAmountCalculatorUICheckTestcases.testinterestrateslider()[pri:2, instance:com.InterestAmount.Testcases.LoanAmountCalculatorUICheckTestcases@19e4653c]" name="testinterestrateslider" class="com.InterestAmount.Testcases.LoanAmountCalculatorUICheckTestcases"/>
        <method signature="LoanAmountCalculatorUICheckTestcases.testinterestrateslidercheck()[pri:2, instance:com.InterestAmount.Testcases.LoanAmountCalculatorUICheckTestcases@19e4653c]" name="testinterestrateslidercheck" class="com.InterestAmount.Testcases.LoanAmountCalculatorUICheckTestcases"/>
        <method signature="LoanAmountCalculatorUICheckTestcases.testinterestratetextbox()[pri:2, instance:com.InterestAmount.Testcases.LoanAmountCalculatorUICheckTestcases@19e4653c]" name="testinterestratetextbox" class="com.InterestAmount.Testcases.LoanAmountCalculatorUICheckTestcases"/>
        <method signature="LoanAmountCalculatorUICheckTestcases.testloancalcnavigate()[pri:1, instance:com.InterestAmount.Testcases.LoanAmountCalculatorUICheckTestcases@19e4653c]" name="testloancalcnavigate" class="com.InterestAmount.Testcases.LoanAmountCalculatorUICheckTestcases"/>
        <method signature="LoanAmountCalculatorUICheckTestcases.testloantermslider()[pri:2, instance:com.InterestAmount.Testcases.LoanAmountCalculatorUICheckTestcases@19e4653c]" name="testloantermslider" class="com.InterestAmount.Testcases.LoanAmountCalculatorUICheckTestcases"/>
        <method signature="LoanAmountCalculatorUICheckTestcases.testloantermtextbox()[pri:2, instance:com.InterestAmount.Testcases.LoanAmountCalculatorUICheckTestcases@19e4653c]" name="testloantermtextbox" class="com.InterestAmount.Testcases.LoanAmountCalculatorUICheckTestcases"/>
        <method signature="LoanTenureCalculatorUICheckTestCases.testEMItextbox()[pri:2, instance:com.InterestAmount.Testcases.LoanTenureCalculatorUICheckTestCases@7f485fda]" name="testEMItextbox" class="com.InterestAmount.Testcases.LoanTenureCalculatorUICheckTestCases"/>
        <method signature="LoanTenureCalculatorUICheckTestCases.testemislider()[pri:2, instance:com.InterestAmount.Testcases.LoanTenureCalculatorUICheckTestCases@7f485fda]" name="testemislider" class="com.InterestAmount.Testcases.LoanTenureCalculatorUICheckTestCases"/>
        <method signature="LoanTenureCalculatorUICheckTestCases.testemislidercheck()[pri:2, instance:com.InterestAmount.Testcases.LoanTenureCalculatorUICheckTestCases@7f485fda]" name="testemislidercheck" class="com.InterestAmount.Testcases.LoanTenureCalculatorUICheckTestCases"/>
        <method signature="LoanTenureCalculatorUICheckTestCases.testfeechargesslider()[pri:2, instance:com.InterestAmount.Testcases.LoanTenureCalculatorUICheckTestCases@7f485fda]" name="testfeechargesslider" class="com.InterestAmount.Testcases.LoanTenureCalculatorUICheckTestCases"/>
        <method signature="LoanTenureCalculatorUICheckTestCases.testfeechargestextbox()[pri:2, instance:com.InterestAmount.Testcases.LoanTenureCalculatorUICheckTestCases@7f485fda]" name="testfeechargestextbox" class="com.InterestAmount.Testcases.LoanTenureCalculatorUICheckTestCases"/>
        <method signature="LoanTenureCalculatorUICheckTestCases.testfeeslidercheck()[pri:2, instance:com.InterestAmount.Testcases.LoanTenureCalculatorUICheckTestCases@7f485fda]" name="testfeeslidercheck" class="com.InterestAmount.Testcases.LoanTenureCalculatorUICheckTestCases"/>
        <method signature="LoanTenureCalculatorUICheckTestCases.testinterestRatetextbox()[pri:2, instance:com.InterestAmount.Testcases.LoanTenureCalculatorUICheckTestCases@7f485fda]" name="testinterestRatetextbox" class="com.InterestAmount.Testcases.LoanTenureCalculatorUICheckTestCases"/>
        <method signature="LoanTenureCalculatorUICheckTestCases.testloanAmountslider()[pri:2, instance:com.InterestAmount.Testcases.LoanTenureCalculatorUICheckTestCases@7f485fda]" name="testloanAmountslider" class="com.InterestAmount.Testcases.LoanTenureCalculatorUICheckTestCases"/>
        <method signature="LoanTenureCalculatorUICheckTestCases.testloanAmountslidercheck()[pri:2, instance:com.InterestAmount.Testcases.LoanTenureCalculatorUICheckTestCases@7f485fda]" name="testloanAmountslidercheck" class="com.InterestAmount.Testcases.LoanTenureCalculatorUICheckTestCases"/>
        <method signature="LoanTenureCalculatorUICheckTestCases.testloanAmounttextbox()[pri:2, instance:com.InterestAmount.Testcases.LoanTenureCalculatorUICheckTestCases@7f485fda]" name="testloanAmounttextbox" class="com.InterestAmount.Testcases.LoanTenureCalculatorUICheckTestCases"/>
        <method signature="LoanTenureCalculatorUICheckTestCases.testloanTenurenavigate()[pri:1, instance:com.InterestAmount.Testcases.LoanTenureCalculatorUICheckTestCases@7f485fda]" name="testloanTenurenavigate" class="com.InterestAmount.Testcases.LoanTenureCalculatorUICheckTestCases"/>
        <method signature="LoanTenureCalculatorUICheckTestCases.testloantermslider()[pri:2, instance:com.InterestAmount.Testcases.LoanTenureCalculatorUICheckTestCases@7f485fda]" name="testloantermslider" class="com.InterestAmount.Testcases.LoanTenureCalculatorUICheckTestCases"/>
        <method signature="LoanTenureCalculatorUICheckTestCases.testloantermslidercheck()[pri:2, instance:com.InterestAmount.Testcases.LoanTenureCalculatorUICheckTestCases@7f485fda]" name="testloantermslidercheck" class="com.InterestAmount.Testcases.LoanTenureCalculatorUICheckTestCases"/>
      </group> <!-- UICheck -->
      <group name="Regression Test">
        <method signature="CarLoanTestCases.carEMIFormtestCase()[pri:1, instance:com.InterestAmount.Testcases.CarLoanTestCases@4c1909a3]" name="carEMIFormtestCase" class="com.InterestAmount.Testcases.CarLoanTestCases"/>
        <method signature="CarLoanTestCases.getdatatestcase()[pri:2, instance:com.InterestAmount.Testcases.CarLoanTestCases@4c1909a3]" name="getdatatestcase" class="com.InterestAmount.Testcases.CarLoanTestCases"/>
        <method signature="HomeLoanCalculatorTestCases.testdataexport()[pri:1, instance:com.InterestAmount.Testcases.HomeLoanCalculatorTestCases@368247b9]" name="testdataexport" class="com.InterestAmount.Testcases.HomeLoanCalculatorTestCases"/>
        <method signature="LoanEMIUICheckTestCases.testfeechargesslider()[pri:2, instance:com.InterestAmount.Testcases.LoanEMIUICheckTestCases@53fe15ff]" name="testfeechargesslider" class="com.InterestAmount.Testcases.LoanEMIUICheckTestCases"/>
        <method signature="LoanEMIUICheckTestCases.testfeechargestextbox()[pri:2, instance:com.InterestAmount.Testcases.LoanEMIUICheckTestCases@53fe15ff]" name="testfeechargestextbox" class="com.InterestAmount.Testcases.LoanEMIUICheckTestCases"/>
        <method signature="LoanEMIUICheckTestCases.testfeeslidercheck()[pri:2, instance:com.InterestAmount.Testcases.LoanEMIUICheckTestCases@53fe15ff]" name="testfeeslidercheck" class="com.InterestAmount.Testcases.LoanEMIUICheckTestCases"/>
        <method signature="LoanEMIUICheckTestCases.testinterestrateslider()[pri:2, instance:com.InterestAmount.Testcases.LoanEMIUICheckTestCases@53fe15ff]" name="testinterestrateslider" class="com.InterestAmount.Testcases.LoanEMIUICheckTestCases"/>
        <method signature="LoanEMIUICheckTestCases.testinterestrateslidercheck()[pri:2, instance:com.InterestAmount.Testcases.LoanEMIUICheckTestCases@53fe15ff]" name="testinterestrateslidercheck" class="com.InterestAmount.Testcases.LoanEMIUICheckTestCases"/>
        <method signature="LoanEMIUICheckTestCases.testinterestratetextbox()[pri:2, instance:com.InterestAmount.Testcases.LoanEMIUICheckTestCases@53fe15ff]" name="testinterestratetextbox" class="com.InterestAmount.Testcases.LoanEMIUICheckTestCases"/>
        <method signature="LoanEMIUICheckTestCases.testloanamtslider()[pri:2, instance:com.InterestAmount.Testcases.LoanEMIUICheckTestCases@53fe15ff]" name="testloanamtslider" class="com.InterestAmount.Testcases.LoanEMIUICheckTestCases"/>
        <method signature="LoanEMIUICheckTestCases.testloanamtslidercheck()[pri:2, instance:com.InterestAmount.Testcases.LoanEMIUICheckTestCases@53fe15ff]" name="testloanamtslidercheck" class="com.InterestAmount.Testcases.LoanEMIUICheckTestCases"/>
        <method signature="LoanEMIUICheckTestCases.testloanamttextbox()[pri:2, instance:com.InterestAmount.Testcases.LoanEMIUICheckTestCases@53fe15ff]" name="testloanamttextbox" class="com.InterestAmount.Testcases.LoanEMIUICheckTestCases"/>
        <method signature="LoanEMIUICheckTestCases.testloantermslider()[pri:2, instance:com.InterestAmount.Testcases.LoanEMIUICheckTestCases@53fe15ff]" name="testloantermslider" class="com.InterestAmount.Testcases.LoanEMIUICheckTestCases"/>
        <method signature="LoanEMIUICheckTestCases.testloantermslidercheck()[pri:2, instance:com.InterestAmount.Testcases.LoanEMIUICheckTestCases@53fe15ff]" name="testloantermslidercheck" class="com.InterestAmount.Testcases.LoanEMIUICheckTestCases"/>
        <method signature="LoanEMIUICheckTestCases.testloantermtextbox()[pri:2, instance:com.InterestAmount.Testcases.LoanEMIUICheckTestCases@53fe15ff]" name="testloantermtextbox" class="com.InterestAmount.Testcases.LoanEMIUICheckTestCases"/>
        <method signature="LoanAmountCalculatorUICheckTestcases.TestFeeChargeSliderCheck()[pri:2, instance:com.InterestAmount.Testcases.LoanAmountCalculatorUICheckTestcases@19e4653c]" name="TestFeeChargeSliderCheck" class="com.InterestAmount.Testcases.LoanAmountCalculatorUICheckTestcases"/>
        <method signature="LoanAmountCalculatorUICheckTestcases.TestFeechargesSlider()[pri:2, instance:com.InterestAmount.Testcases.LoanAmountCalculatorUICheckTestcases@19e4653c]" name="TestFeechargesSlider" class="com.InterestAmount.Testcases.LoanAmountCalculatorUICheckTestcases"/>
        <method signature="LoanAmountCalculatorUICheckTestcases.TestFeechargesTextbox()[pri:2, instance:com.InterestAmount.Testcases.LoanAmountCalculatorUICheckTestcases@19e4653c]" name="TestFeechargesTextbox" class="com.InterestAmount.Testcases.LoanAmountCalculatorUICheckTestcases"/>
        <method signature="LoanAmountCalculatorUICheckTestcases.TestLoanTenureSlidercheck()[pri:2, instance:com.InterestAmount.Testcases.LoanAmountCalculatorUICheckTestcases@19e4653c]" name="TestLoanTenureSlidercheck" class="com.InterestAmount.Testcases.LoanAmountCalculatorUICheckTestcases"/>
        <method signature="LoanAmountCalculatorUICheckTestcases.testEMIslider()[pri:2, instance:com.InterestAmount.Testcases.LoanAmountCalculatorUICheckTestcases@19e4653c]" name="testEMIslider" class="com.InterestAmount.Testcases.LoanAmountCalculatorUICheckTestcases"/>
        <method signature="LoanAmountCalculatorUICheckTestcases.testEMIslidercheck()[pri:2, instance:com.InterestAmount.Testcases.LoanAmountCalculatorUICheckTestcases@19e4653c]" name="testEMIslidercheck" class="com.InterestAmount.Testcases.LoanAmountCalculatorUICheckTestcases"/>
        <method signature="LoanAmountCalculatorUICheckTestcases.testEMItextbox()[pri:2, instance:com.InterestAmount.Testcases.LoanAmountCalculatorUICheckTestcases@19e4653c]" name="testEMItextbox" class="com.InterestAmount.Testcases.LoanAmountCalculatorUICheckTestcases"/>
        <method signature="LoanAmountCalculatorUICheckTestcases.testinterestrateslider()[pri:2, instance:com.InterestAmount.Testcases.LoanAmountCalculatorUICheckTestcases@19e4653c]" name="testinterestrateslider" class="com.InterestAmount.Testcases.LoanAmountCalculatorUICheckTestcases"/>
        <method signature="LoanAmountCalculatorUICheckTestcases.testinterestrateslidercheck()[pri:2, instance:com.InterestAmount.Testcases.LoanAmountCalculatorUICheckTestcases@19e4653c]" name="testinterestrateslidercheck" class="com.InterestAmount.Testcases.LoanAmountCalculatorUICheckTestcases"/>
        <method signature="LoanAmountCalculatorUICheckTestcases.testinterestratetextbox()[pri:2, instance:com.InterestAmount.Testcases.LoanAmountCalculatorUICheckTestcases@19e4653c]" name="testinterestratetextbox" class="com.InterestAmount.Testcases.LoanAmountCalculatorUICheckTestcases"/>
        <method signature="LoanAmountCalculatorUICheckTestcases.testloantermslider()[pri:2, instance:com.InterestAmount.Testcases.LoanAmountCalculatorUICheckTestcases@19e4653c]" name="testloantermslider" class="com.InterestAmount.Testcases.LoanAmountCalculatorUICheckTestcases"/>
        <method signature="LoanAmountCalculatorUICheckTestcases.testloantermtextbox()[pri:2, instance:com.InterestAmount.Testcases.LoanAmountCalculatorUICheckTestcases@19e4653c]" name="testloantermtextbox" class="com.InterestAmount.Testcases.LoanAmountCalculatorUICheckTestcases"/>
        <method signature="LoanTenureCalculatorUICheckTestCases.testEMItextbox()[pri:2, instance:com.InterestAmount.Testcases.LoanTenureCalculatorUICheckTestCases@7f485fda]" name="testEMItextbox" class="com.InterestAmount.Testcases.LoanTenureCalculatorUICheckTestCases"/>
        <method signature="LoanTenureCalculatorUICheckTestCases.testemislider()[pri:2, instance:com.InterestAmount.Testcases.LoanTenureCalculatorUICheckTestCases@7f485fda]" name="testemislider" class="com.InterestAmount.Testcases.LoanTenureCalculatorUICheckTestCases"/>
        <method signature="LoanTenureCalculatorUICheckTestCases.testemislidercheck()[pri:2, instance:com.InterestAmount.Testcases.LoanTenureCalculatorUICheckTestCases@7f485fda]" name="testemislidercheck" class="com.InterestAmount.Testcases.LoanTenureCalculatorUICheckTestCases"/>
        <method signature="LoanTenureCalculatorUICheckTestCases.testfeechargesslider()[pri:2, instance:com.InterestAmount.Testcases.LoanTenureCalculatorUICheckTestCases@7f485fda]" name="testfeechargesslider" class="com.InterestAmount.Testcases.LoanTenureCalculatorUICheckTestCases"/>
        <method signature="LoanTenureCalculatorUICheckTestCases.testfeechargestextbox()[pri:2, instance:com.InterestAmount.Testcases.LoanTenureCalculatorUICheckTestCases@7f485fda]" name="testfeechargestextbox" class="com.InterestAmount.Testcases.LoanTenureCalculatorUICheckTestCases"/>
        <method signature="LoanTenureCalculatorUICheckTestCases.testfeeslidercheck()[pri:2, instance:com.InterestAmount.Testcases.LoanTenureCalculatorUICheckTestCases@7f485fda]" name="testfeeslidercheck" class="com.InterestAmount.Testcases.LoanTenureCalculatorUICheckTestCases"/>
        <method signature="LoanTenureCalculatorUICheckTestCases.testinterestRatetextbox()[pri:2, instance:com.InterestAmount.Testcases.LoanTenureCalculatorUICheckTestCases@7f485fda]" name="testinterestRatetextbox" class="com.InterestAmount.Testcases.LoanTenureCalculatorUICheckTestCases"/>
        <method signature="LoanTenureCalculatorUICheckTestCases.testloanAmountslider()[pri:2, instance:com.InterestAmount.Testcases.LoanTenureCalculatorUICheckTestCases@7f485fda]" name="testloanAmountslider" class="com.InterestAmount.Testcases.LoanTenureCalculatorUICheckTestCases"/>
        <method signature="LoanTenureCalculatorUICheckTestCases.testloanAmountslidercheck()[pri:2, instance:com.InterestAmount.Testcases.LoanTenureCalculatorUICheckTestCases@7f485fda]" name="testloanAmountslidercheck" class="com.InterestAmount.Testcases.LoanTenureCalculatorUICheckTestCases"/>
        <method signature="LoanTenureCalculatorUICheckTestCases.testloanAmounttextbox()[pri:2, instance:com.InterestAmount.Testcases.LoanTenureCalculatorUICheckTestCases@7f485fda]" name="testloanAmounttextbox" class="com.InterestAmount.Testcases.LoanTenureCalculatorUICheckTestCases"/>
        <method signature="LoanTenureCalculatorUICheckTestCases.testloantermslider()[pri:2, instance:com.InterestAmount.Testcases.LoanTenureCalculatorUICheckTestCases@7f485fda]" name="testloantermslider" class="com.InterestAmount.Testcases.LoanTenureCalculatorUICheckTestCases"/>
        <method signature="LoanTenureCalculatorUICheckTestCases.testloantermslidercheck()[pri:2, instance:com.InterestAmount.Testcases.LoanTenureCalculatorUICheckTestCases@7f485fda]" name="testloantermslidercheck" class="com.InterestAmount.Testcases.LoanTenureCalculatorUICheckTestCases"/>
      </group> <!-- Regression Test -->
      <group name="Smoke Test">
        <method signature="CarLoanTestCases.closetestcase()[pri:3, instance:com.InterestAmount.Testcases.CarLoanTestCases@4c1909a3]" name="closetestcase" class="com.InterestAmount.Testcases.CarLoanTestCases"/>
        <method signature="CarLoanTestCases.openBrowsertestCase()[pri:0, instance:com.InterestAmount.Testcases.CarLoanTestCases@4c1909a3]" name="openBrowsertestCase" class="com.InterestAmount.Testcases.CarLoanTestCases"/>
        <method signature="CarLoanTestCases.endReportestcase()[pri:4, instance:com.InterestAmount.Testcases.CarLoanTestCases@4c1909a3]" name="endReportestcase" class="com.InterestAmount.Testcases.CarLoanTestCases"/>
        <method signature="HomeLoanCalculatorTestCases.close()[pri:2, instance:com.InterestAmount.Testcases.HomeLoanCalculatorTestCases@368247b9]" name="close" class="com.InterestAmount.Testcases.HomeLoanCalculatorTestCases"/>
        <method signature="HomeLoanCalculatorTestCases.endReport()[pri:3, instance:com.InterestAmount.Testcases.HomeLoanCalculatorTestCases@368247b9]" name="endReport" class="com.InterestAmount.Testcases.HomeLoanCalculatorTestCases"/>
        <method signature="HomeLoanCalculatorTestCases.testHomeEmi()[pri:1, instance:com.InterestAmount.Testcases.HomeLoanCalculatorTestCases@368247b9]" name="testHomeEmi" class="com.InterestAmount.Testcases.HomeLoanCalculatorTestCases"/>
        <method signature="HomeLoanCalculatorTestCases.testopenBrowser()[pri:0, instance:com.InterestAmount.Testcases.HomeLoanCalculatorTestCases@368247b9]" name="testopenBrowser" class="com.InterestAmount.Testcases.HomeLoanCalculatorTestCases"/>
        <method signature="LoanEMIUICheckTestCases.close()[pri:3, instance:com.InterestAmount.Testcases.LoanEMIUICheckTestCases@53fe15ff]" name="close" class="com.InterestAmount.Testcases.LoanEMIUICheckTestCases"/>
        <method signature="LoanEMIUICheckTestCases.endReport()[pri:4, instance:com.InterestAmount.Testcases.LoanEMIUICheckTestCases@53fe15ff]" name="endReport" class="com.InterestAmount.Testcases.LoanEMIUICheckTestCases"/>
        <method signature="LoanEMIUICheckTestCases.testloanemicalcnavigate()[pri:1, instance:com.InterestAmount.Testcases.LoanEMIUICheckTestCases@53fe15ff]" name="testloanemicalcnavigate" class="com.InterestAmount.Testcases.LoanEMIUICheckTestCases"/>
        <method signature="LoanEMIUICheckTestCases.testopenBrowsertestCase()[pri:0, instance:com.InterestAmount.Testcases.LoanEMIUICheckTestCases@53fe15ff]" name="testopenBrowsertestCase" class="com.InterestAmount.Testcases.LoanEMIUICheckTestCases"/>
        <method signature="LoanAmountCalculatorUICheckTestcases.close()[pri:3, instance:com.InterestAmount.Testcases.LoanAmountCalculatorUICheckTestcases@19e4653c]" name="close" class="com.InterestAmount.Testcases.LoanAmountCalculatorUICheckTestcases"/>
        <method signature="LoanAmountCalculatorUICheckTestcases.endReport()[pri:4, instance:com.InterestAmount.Testcases.LoanAmountCalculatorUICheckTestcases@19e4653c]" name="endReport" class="com.InterestAmount.Testcases.LoanAmountCalculatorUICheckTestcases"/>
        <method signature="LoanAmountCalculatorUICheckTestcases.testloancalcnavigate()[pri:1, instance:com.InterestAmount.Testcases.LoanAmountCalculatorUICheckTestcases@19e4653c]" name="testloancalcnavigate" class="com.InterestAmount.Testcases.LoanAmountCalculatorUICheckTestcases"/>
        <method signature="LoanTenureCalculatorUICheckTestCases.openBrowsertestCase()[pri:0, instance:com.InterestAmount.Testcases.LoanTenureCalculatorUICheckTestCases@7f485fda]" name="openBrowsertestCase" class="com.InterestAmount.Testcases.LoanTenureCalculatorUICheckTestCases"/>
        <method signature="LoanTenureCalculatorUICheckTestCases.testclose()[pri:3, instance:com.InterestAmount.Testcases.LoanTenureCalculatorUICheckTestCases@7f485fda]" name="testclose" class="com.InterestAmount.Testcases.LoanTenureCalculatorUICheckTestCases"/>
        <method signature="LoanTenureCalculatorUICheckTestCases.testendReport()[pri:4, instance:com.InterestAmount.Testcases.LoanTenureCalculatorUICheckTestCases@7f485fda]" name="testendReport" class="com.InterestAmount.Testcases.LoanTenureCalculatorUICheckTestCases"/>
        <method signature="LoanTenureCalculatorUICheckTestCases.testloanTenurenavigate()[pri:1, instance:com.InterestAmount.Testcases.LoanTenureCalculatorUICheckTestCases@7f485fda]" name="testloanTenurenavigate" class="com.InterestAmount.Testcases.LoanTenureCalculatorUICheckTestCases"/>
      </group> <!-- Smoke Test -->
    </groups>
    <test started-at="2021-04-19T04:38:47 IST" name="Test" finished-at="2021-04-19T04:39:37 IST" duration-ms="50437">
      <class name="com.InterestAmount.Testcases.CarLoanTestCases">
        <test-method signature="openBrowsertestCase()[pri:0, instance:com.InterestAmount.Testcases.CarLoanTestCases@4c1909a3]" started-at="2021-04-19T04:38:47 IST" name="openBrowsertestCase" finished-at="2021-04-19T04:38:59 IST" duration-ms="12509" status="FAIL">
          <exception class="java.lang.AssertionError">
            <message>
              <![CDATA[unknown error: net::ERR_INTERNET_DISCONNECTED
  (Session info: chrome=90.0.4430.72)
Build info: version: '3.141.59', revision: 'e82be7d358', time: '2018-11-14T08:17:03'
System info: host: 'DESKTOP-JBAUR5J', ip: '127.0.0.1', os.name: 'Windows 10', os.arch: 'amd64', os.version: '10.0', java.version: '11.0.10'
Driver info: org.openqa.selenium.chrome.ChromeDriver
Capabilities {acceptInsecureCerts: false, browserName: chrome, browserVersion: 90.0.4430.72, chrome: {chromedriverVersion: 90.0.4430.24 (4c6d850f087da..., userDataDir: C:\Users\dell\AppData\Local...}, goog:chromeOptions: {debuggerAddress: localhost:55330}, javascriptEnabled: true, networkConnectionEnabled: false, pageLoadStrategy: normal, platform: WINDOWS, platformName: WINDOWS, proxy: Proxy(), setWindowRect: true, strictFileInteractability: false, timeouts: {implicit: 0, pageLoad: 300000, script: 30000}, unhandledPromptBehavior: dismiss and notify, webauthn:extension:largeBlob: true, webauthn:virtualAuthenticators: true}
Session ID: 0c5277a3843276cd7cee8bfb89d8b47b]]>
            </message>
            <full-stacktrace>
              <![CDATA[java.lang.AssertionError: unknown error: net::ERR_INTERNET_DISCONNECTED
  (Session info: chrome=90.0.4430.72)
Build info: version: '3.141.59', revision: 'e82be7d358', time: '2018-11-14T08:17:03'
System info: host: 'DESKTOP-JBAUR5J', ip: '127.0.0.1', os.name: 'Windows 10', os.arch: 'amd64', os.version: '10.0', java.version: '11.0.10'
Driver info: org.openqa.selenium.chrome.ChromeDriver
Capabilities {acceptInsecureCerts: false, browserName: chrome, browserVersion: 90.0.4430.72, chrome: {chromedriverVersion: 90.0.4430.24 (4c6d850f087da..., userDataDir: C:\Users\dell\AppData\Local...}, goog:chromeOptions: {debuggerAddress: localhost:55330}, javascriptEnabled: true, networkConnectionEnabled: false, pageLoadStrategy: normal, platform: WINDOWS, platformName: WINDOWS, proxy: Proxy(), setWindowRect: true, strictFileInteractability: false, timeouts: {implicit: 0, pageLoad: 300000, script: 30000}, unhandledPromptBehavior: dismiss and notify, webauthn:extension:largeBlob: true, webauthn:virtualAuthenticators: true}
Session ID: 0c5277a3843276cd7cee8bfb89d8b47b
at org.testng.Assert.fail(Assert.java:97)
at com.InterestAmount.homeClass.baseMethods.reportFail(baseMethods.java:167)
at com.InterestAmount.homeClass.baseMethods.openURL(baseMethods.java:86)
at com.InterestAmount.pages.CarLoan.openBrowser(CarLoan.java:21)
at com.InterestAmount.Testcases.CarLoanTestCases.openBrowsertestCase(CarLoanTestCases.java:25)
at java.base/jdk.internal.reflect.NativeMethodAccessorImpl.invoke0(Native Method)
at java.base/jdk.internal.reflect.NativeMethodAccessorImpl.invoke(NativeMethodAccessorImpl.java:62)
at java.base/jdk.internal.reflect.DelegatingMethodAccessorImpl.invoke(DelegatingMethodAccessorImpl.java:43)
at java.base/java.lang.reflect.Method.invoke(Method.java:566)
at org.testng.internal.MethodInvocationHelper.invokeMethod(MethodInvocationHelper.java:134)
at org.testng.internal.TestInvoker.invokeMethod(TestInvoker.java:597)
at org.testng.internal.TestInvoker.invokeTestMethod(TestInvoker.java:173)
at org.testng.internal.MethodRunner.runInSequence(MethodRunner.java:46)
at org.testng.internal.TestInvoker$MethodInvocationAgent.invoke(TestInvoker.java:816)
at org.testng.internal.TestInvoker.invokeTestMethods(TestInvoker.java:146)
at org.testng.internal.TestMethodWorker.invokeTestMethods(TestMethodWorker.java:146)
at org.testng.internal.TestMethodWorker.run(TestMethodWorker.java:128)
at java.base/java.util.ArrayList.forEach(ArrayList.java:1541)
at org.testng.TestRunner.privateRun(TestRunner.java:766)
at org.testng.TestRunner.run(TestRunner.java:587)
at org.testng.SuiteRunner.runTest(SuiteRunner.java:384)
at org.testng.SuiteRunner.runSequentially(SuiteRunner.java:378)
at org.testng.SuiteRunner.privateRun(SuiteRunner.java:337)
at org.testng.SuiteRunner.run(SuiteRunner.java:286)
at org.testng.SuiteRunnerWorker.runSuite(SuiteRunnerWorker.java:53)
at org.testng.SuiteRunnerWorker.run(SuiteRunnerWorker.java:96)
at org.testng.TestNG.runSuitesSequentially(TestNG.java:1187)
at org.testng.TestNG.runSuitesLocally(TestNG.java:1109)
at org.testng.TestNG.runSuites(TestNG.java:1039)
at org.testng.TestNG.run(TestNG.java:1007)
at org.apache.maven.surefire.testng.TestNGExecutor.run(TestNGExecutor.java:281)
at org.apache.maven.surefire.testng.TestNGXmlTestSuite.execute(TestNGXmlTestSuite.java:75)
at org.apache.maven.surefire.testng.TestNGProvider.invoke(TestNGProvider.java:121)
at org.apache.maven.surefire.booter.ForkedBooter.invokeProviderInSameClassLoader(ForkedBooter.java:290)
at org.apache.maven.surefire.booter.ForkedBooter.runSuitesInProcess(ForkedBooter.java:242)
at org.apache.maven.surefire.booter.ForkedBooter.main(ForkedBooter.java:121)
]]>
            </full-stacktrace>
          </exception> <!-- java.lang.AssertionError -->
          <reporter-output>
          </reporter-output>
        </test-method> <!-- openBrowsertestCase -->
        <test-method signature="carEMIFormtestCase()[pri:1, instance:com.InterestAmount.Testcases.CarLoanTestCases@4c1909a3]" started-at="2021-04-19T04:38:59 IST" name="carEMIFormtestCase" finished-at="2021-04-19T04:39:34 IST" duration-ms="34540" status="PASS">
          <reporter-output>
          </reporter-output>
        </test-method> <!-- carEMIFormtestCase -->
        <test-method signature="getdatatestcase()[pri:2, instance:com.InterestAmount.Testcases.CarLoanTestCases@4c1909a3]" started-at="2021-04-19T04:39:34 IST" name="getdatatestcase" finished-at="2021-04-19T04:39:35 IST" depends-on-methods="com.InterestAmount.Testcases.CarLoanTestCases.carEMIFormtestCase" duration-ms="1559" status="PASS">
          <reporter-output>
          </reporter-output>
        </test-method> <!-- getdatatestcase -->
        <test-method signature="closetestcase()[pri:3, instance:com.InterestAmount.Testcases.CarLoanTestCases@4c1909a3]" started-at="2021-04-19T04:39:35 IST" name="closetestcase" finished-at="2021-04-19T04:39:36 IST" duration-ms="567" status="PASS">
          <reporter-output>
          </reporter-output>
        </test-method> <!-- closetestcase -->
        <test-method signature="endReportestcase()[pri:4, instance:com.InterestAmount.Testcases.CarLoanTestCases@4c1909a3]" started-at="2021-04-19T04:39:36 IST" name="endReportestcase" finished-at="2021-04-19T04:39:37 IST" duration-ms="1154" status="PASS">
          <reporter-output>
          </reporter-output>
        </test-method> <!-- endReportestcase -->
      </class> <!-- com.InterestAmount.Testcases.CarLoanTestCases -->
    </test> <!-- Test -->
    <test started-at="2021-04-19T04:39:37 IST" name="homeLoan" finished-at="2021-04-19T04:40:14 IST" duration-ms="36978">
      <class name="com.InterestAmount.Testcases.HomeLoanCalculatorTestCases">
        <test-method signature="testopenBrowser()[pri:0, instance:com.InterestAmount.Testcases.HomeLoanCalculatorTestCases@368247b9]" started-at="2021-04-19T04:39:37 IST" name="testopenBrowser" finished-at="2021-04-19T04:39:57 IST" duration-ms="19992" status="PASS">
          <reporter-output>
          </reporter-output>
        </test-method> <!-- testopenBrowser -->
        <test-method signature="testHomeEmi()[pri:1, instance:com.InterestAmount.Testcases.HomeLoanCalculatorTestCases@368247b9]" started-at="2021-04-19T04:39:57 IST" name="testHomeEmi" finished-at="2021-04-19T04:40:00 IST" duration-ms="3081" status="PASS">
          <reporter-output>
          </reporter-output>
        </test-method> <!-- testHomeEmi -->
        <test-method signature="testdataexport()[pri:1, instance:com.InterestAmount.Testcases.HomeLoanCalculatorTestCases@368247b9]" started-at="2021-04-19T04:40:00 IST" name="testdataexport" finished-at="2021-04-19T04:40:10 IST" duration-ms="9492" status="PASS">
          <reporter-output>
          </reporter-output>
        </test-method> <!-- testdataexport -->
        <test-method signature="close()[pri:2, instance:com.InterestAmount.Testcases.HomeLoanCalculatorTestCases@368247b9]" started-at="2021-04-19T04:40:10 IST" name="close" finished-at="2021-04-19T04:40:14 IST" duration-ms="4168" status="PASS">
          <reporter-output>
          </reporter-output>
        </test-method> <!-- close -->
        <test-method signature="endReport()[pri:3, instance:com.InterestAmount.Testcases.HomeLoanCalculatorTestCases@368247b9]" started-at="2021-04-19T04:40:14 IST" name="endReport" finished-at="2021-04-19T04:40:14 IST" duration-ms="235" status="PASS">
          <reporter-output>
          </reporter-output>
        </test-method> <!-- endReport -->
      </class> <!-- com.InterestAmount.Testcases.HomeLoanCalculatorTestCases -->
    </test> <!-- homeLoan -->
    <test started-at="2021-04-19T04:40:15 IST" name="EMI" finished-at="2021-04-19T04:40:49 IST" duration-ms="33397">
      <class name="com.InterestAmount.Testcases.LoanEMIUICheckTestCases">
        <test-method signature="testopenBrowsertestCase()[pri:0, instance:com.InterestAmount.Testcases.LoanEMIUICheckTestCases@53fe15ff]" started-at="2021-04-19T04:40:15 IST" name="testopenBrowsertestCase" finished-at="2021-04-19T04:40:32 IST" duration-ms="17250" status="PASS">
          <reporter-output>
          </reporter-output>
        </test-method> <!-- testopenBrowsertestCase -->
        <test-method signature="testloanemicalcnavigate()[pri:1, instance:com.InterestAmount.Testcases.LoanEMIUICheckTestCases@53fe15ff]" started-at="2021-04-19T04:40:32 IST" name="testloanemicalcnavigate" finished-at="2021-04-19T04:40:40 IST" duration-ms="7072" status="PASS">
          <reporter-output>
          </reporter-output>
        </test-method> <!-- testloanemicalcnavigate -->
        <test-method signature="testfeechargesslider()[pri:2, instance:com.InterestAmount.Testcases.LoanEMIUICheckTestCases@53fe15ff]" started-at="2021-04-19T04:40:40 IST" name="testfeechargesslider" finished-at="2021-04-19T04:40:41 IST" duration-ms="1700" status="PASS">
          <reporter-output>
          </reporter-output>
        </test-method> <!-- testfeechargesslider -->
        <test-method signature="testfeechargestextbox()[pri:2, instance:com.InterestAmount.Testcases.LoanEMIUICheckTestCases@53fe15ff]" started-at="2021-04-19T04:40:41 IST" name="testfeechargestextbox" finished-at="2021-04-19T04:40:42 IST" duration-ms="520" status="PASS">
          <reporter-output>
          </reporter-output>
        </test-method> <!-- testfeechargestextbox -->
        <test-method signature="testfeeslidercheck()[pri:2, instance:com.InterestAmount.Testcases.LoanEMIUICheckTestCases@53fe15ff]" started-at="2021-04-19T04:40:42 IST" name="testfeeslidercheck" finished-at="2021-04-19T04:40:43 IST" duration-ms="935" status="PASS">
          <reporter-output>
          </reporter-output>
        </test-method> <!-- testfeeslidercheck -->
        <test-method signature="testinterestrateslider()[pri:2, instance:com.InterestAmount.Testcases.LoanEMIUICheckTestCases@53fe15ff]" started-at="2021-04-19T04:40:43 IST" name="testinterestrateslider" finished-at="2021-04-19T04:40:43 IST" duration-ms="554" status="PASS">
          <reporter-output>
          </reporter-output>
        </test-method> <!-- testinterestrateslider -->
        <test-method signature="testinterestrateslidercheck()[pri:2, instance:com.InterestAmount.Testcases.LoanEMIUICheckTestCases@53fe15ff]" started-at="2021-04-19T04:40:43 IST" name="testinterestrateslidercheck" finished-at="2021-04-19T04:40:45 IST" duration-ms="1312" status="PASS">
          <reporter-output>
          </reporter-output>
        </test-method> <!-- testinterestrateslidercheck -->
        <test-method signature="testinterestratetextbox()[pri:2, instance:com.InterestAmount.Testcases.LoanEMIUICheckTestCases@53fe15ff]" started-at="2021-04-19T04:40:45 IST" name="testinterestratetextbox" finished-at="2021-04-19T04:40:45 IST" duration-ms="382" status="PASS">
          <reporter-output>
          </reporter-output>
        </test-method> <!-- testinterestratetextbox -->
        <test-method signature="testloanamtslider()[pri:2, instance:com.InterestAmount.Testcases.LoanEMIUICheckTestCases@53fe15ff]" started-at="2021-04-19T04:40:45 IST" name="testloanamtslider" finished-at="2021-04-19T04:40:45 IST" duration-ms="275" status="PASS">
          <reporter-output>
          </reporter-output>
        </test-method> <!-- testloanamtslider -->
        <test-method signature="testloanamtslidercheck()[pri:2, instance:com.InterestAmount.Testcases.LoanEMIUICheckTestCases@53fe15ff]" started-at="2021-04-19T04:40:45 IST" name="testloanamtslidercheck" finished-at="2021-04-19T04:40:46 IST" duration-ms="650" status="PASS">
          <reporter-output>
          </reporter-output>
        </test-method> <!-- testloanamtslidercheck -->
        <test-method signature="testloanamttextbox()[pri:2, instance:com.InterestAmount.Testcases.LoanEMIUICheckTestCases@53fe15ff]" started-at="2021-04-19T04:40:46 IST" name="testloanamttextbox" finished-at="2021-04-19T04:40:46 IST" duration-ms="352" status="PASS">
          <reporter-output>
          </reporter-output>
        </test-method> <!-- testloanamttextbox -->
        <test-method signature="testloantermslider()[pri:2, instance:com.InterestAmount.Testcases.LoanEMIUICheckTestCases@53fe15ff]" started-at="2021-04-19T04:40:46 IST" name="testloantermslider" finished-at="2021-04-19T04:40:46 IST" duration-ms="210" status="PASS">
          <reporter-output>
          </reporter-output>
        </test-method> <!-- testloantermslider -->
        <test-method signature="testloantermslidercheck()[pri:2, instance:com.InterestAmount.Testcases.LoanEMIUICheckTestCases@53fe15ff]" started-at="2021-04-19T04:40:46 IST" name="testloantermslidercheck" finished-at="2021-04-19T04:40:47 IST" duration-ms="774" status="PASS">
          <reporter-output>
          </reporter-output>
        </test-method> <!-- testloantermslidercheck -->
        <test-method signature="testloantermtextbox()[pri:2, instance:com.InterestAmount.Testcases.LoanEMIUICheckTestCases@53fe15ff]" started-at="2021-04-19T04:40:47 IST" name="testloantermtextbox" finished-at="2021-04-19T04:40:48 IST" duration-ms="564" status="PASS">
          <reporter-output>
          </reporter-output>
        </test-method> <!-- testloantermtextbox -->
        <test-method signature="close()[pri:3, instance:com.InterestAmount.Testcases.LoanEMIUICheckTestCases@53fe15ff]" started-at="2021-04-19T04:40:48 IST" name="close" finished-at="2021-04-19T04:40:48 IST" duration-ms="575" status="PASS">
          <reporter-output>
          </reporter-output>
        </test-method> <!-- close -->
        <test-method signature="endReport()[pri:4, instance:com.InterestAmount.Testcases.LoanEMIUICheckTestCases@53fe15ff]" started-at="2021-04-19T04:40:48 IST" name="endReport" finished-at="2021-04-19T04:40:49 IST" duration-ms="247" status="PASS">
          <reporter-output>
          </reporter-output>
        </test-method> <!-- endReport -->
      </class> <!-- com.InterestAmount.Testcases.LoanEMIUICheckTestCases -->
    </test> <!-- EMI -->
    <test started-at="2021-04-19T04:40:49 IST" name="homeTest" finished-at="2021-04-19T04:41:54 IST" duration-ms="65264">
      <class name="com.InterestAmount.Testcases.LoanAmountCalculatorUICheckTestcases">
        <test-method is-config="true" signature="openBrowsertestCase()[pri:0, instance:com.InterestAmount.Testcases.LoanAmountCalculatorUICheckTestcases@19e4653c]" started-at="2021-04-19T04:40:49 IST" name="openBrowsertestCase" finished-at="2021-04-19T04:41:07 IST" duration-ms="18500" status="PASS">
          <reporter-output>
          </reporter-output>
        </test-method> <!-- openBrowsertestCase -->
        <test-method signature="testloancalcnavigate()[pri:1, instance:com.InterestAmount.Testcases.LoanAmountCalculatorUICheckTestcases@19e4653c]" started-at="2021-04-19T04:41:07 IST" name="testloancalcnavigate" finished-at="2021-04-19T04:41:12 IST" duration-ms="4396" status="PASS">
          <reporter-output>
          </reporter-output>
        </test-method> <!-- testloancalcnavigate -->
        <test-method signature="TestFeeChargeSliderCheck()[pri:2, instance:com.InterestAmount.Testcases.LoanAmountCalculatorUICheckTestcases@19e4653c]" started-at="2021-04-19T04:41:12 IST" name="TestFeeChargeSliderCheck" finished-at="2021-04-19T04:41:18 IST" duration-ms="6854" status="PASS">
          <reporter-output>
          </reporter-output>
        </test-method> <!-- TestFeeChargeSliderCheck -->
        <test-method signature="TestFeechargesSlider()[pri:2, instance:com.InterestAmount.Testcases.LoanAmountCalculatorUICheckTestcases@19e4653c]" started-at="2021-04-19T04:41:18 IST" name="TestFeechargesSlider" finished-at="2021-04-19T04:41:19 IST" duration-ms="285" status="PASS">
          <reporter-output>
          </reporter-output>
        </test-method> <!-- TestFeechargesSlider -->
        <test-method signature="TestFeechargesTextbox()[pri:2, instance:com.InterestAmount.Testcases.LoanAmountCalculatorUICheckTestcases@19e4653c]" started-at="2021-04-19T04:41:19 IST" name="TestFeechargesTextbox" finished-at="2021-04-19T04:41:19 IST" duration-ms="355" status="PASS">
          <reporter-output>
          </reporter-output>
        </test-method> <!-- TestFeechargesTextbox -->
        <test-method signature="TestLoanTenureSlidercheck()[pri:2, instance:com.InterestAmount.Testcases.LoanAmountCalculatorUICheckTestcases@19e4653c]" started-at="2021-04-19T04:41:19 IST" name="TestLoanTenureSlidercheck" finished-at="2021-04-19T04:41:30 IST" duration-ms="10754" status="PASS">
          <reporter-output>
          </reporter-output>
        </test-method> <!-- TestLoanTenureSlidercheck -->
        <test-method signature="testEMIslider()[pri:2, instance:com.InterestAmount.Testcases.LoanAmountCalculatorUICheckTestcases@19e4653c]" started-at="2021-04-19T04:41:30 IST" name="testEMIslider" finished-at="2021-04-19T04:41:30 IST" duration-ms="192" status="PASS">
          <reporter-output>
          </reporter-output>
        </test-method> <!-- testEMIslider -->
        <test-method signature="testEMIslidercheck()[pri:2, instance:com.InterestAmount.Testcases.LoanAmountCalculatorUICheckTestcases@19e4653c]" started-at="2021-04-19T04:41:30 IST" name="testEMIslidercheck" finished-at="2021-04-19T04:41:41 IST" duration-ms="10757" status="PASS">
          <reporter-output>
          </reporter-output>
        </test-method> <!-- testEMIslidercheck -->
        <test-method signature="testEMItextbox()[pri:2, instance:com.InterestAmount.Testcases.LoanAmountCalculatorUICheckTestcases@19e4653c]" started-at="2021-04-19T04:41:41 IST" name="testEMItextbox" finished-at="2021-04-19T04:41:42 IST" duration-ms="1463" status="PASS">
          <reporter-output>
          </reporter-output>
        </test-method> <!-- testEMItextbox -->
        <test-method signature="testinterestrateslider()[pri:2, instance:com.InterestAmount.Testcases.LoanAmountCalculatorUICheckTestcases@19e4653c]" started-at="2021-04-19T04:41:42 IST" name="testinterestrateslider" finished-at="2021-04-19T04:41:42 IST" duration-ms="167" status="PASS">
          <reporter-output>
          </reporter-output>
        </test-method> <!-- testinterestrateslider -->
        <test-method signature="testinterestrateslidercheck()[pri:2, instance:com.InterestAmount.Testcases.LoanAmountCalculatorUICheckTestcases@19e4653c]" started-at="2021-04-19T04:41:42 IST" name="testinterestrateslidercheck" finished-at="2021-04-19T04:41:53 IST" duration-ms="10587" status="PASS">
          <reporter-output>
          </reporter-output>
        </test-method> <!-- testinterestrateslidercheck -->
        <test-method signature="testinterestratetextbox()[pri:2, instance:com.InterestAmount.Testcases.LoanAmountCalculatorUICheckTestcases@19e4653c]" started-at="2021-04-19T04:41:53 IST" name="testinterestratetextbox" finished-at="2021-04-19T04:41:53 IST" duration-ms="203" status="PASS">
          <reporter-output>
          </reporter-output>
        </test-method> <!-- testinterestratetextbox -->
        <test-method signature="testloantermslider()[pri:2, instance:com.InterestAmount.Testcases.LoanAmountCalculatorUICheckTestcases@19e4653c]" started-at="2021-04-19T04:41:53 IST" name="testloantermslider" finished-at="2021-04-19T04:41:53 IST" duration-ms="149" status="PASS">
          <reporter-output>
          </reporter-output>
        </test-method> <!-- testloantermslider -->
        <test-method signature="testloantermtextbox()[pri:2, instance:com.InterestAmount.Testcases.LoanAmountCalculatorUICheckTestcases@19e4653c]" started-at="2021-04-19T04:41:53 IST" name="testloantermtextbox" finished-at="2021-04-19T04:41:54 IST" duration-ms="190" status="PASS">
          <reporter-output>
          </reporter-output>
        </test-method> <!-- testloantermtextbox -->
        <test-method signature="close()[pri:3, instance:com.InterestAmount.Testcases.LoanAmountCalculatorUICheckTestcases@19e4653c]" started-at="2021-04-19T04:41:54 IST" name="close" finished-at="2021-04-19T04:41:54 IST" duration-ms="238" status="PASS">
          <reporter-output>
          </reporter-output>
        </test-method> <!-- close -->
        <test-method signature="endReport()[pri:4, instance:com.InterestAmount.Testcases.LoanAmountCalculatorUICheckTestcases@19e4653c]" started-at="2021-04-19T04:41:54 IST" name="endReport" finished-at="2021-04-19T04:41:54 IST" duration-ms="155" status="PASS">
          <reporter-output>
          </reporter-output>
        </test-method> <!-- endReport -->
      </class> <!-- com.InterestAmount.Testcases.LoanAmountCalculatorUICheckTestcases -->
    </test> <!-- homeTest -->
    <test started-at="2021-04-19T04:41:54 IST" name="Loan Tenure" finished-at="2021-04-19T04:43:01 IST" duration-ms="67160">
      <class name="com.InterestAmount.Testcases.LoanTenureCalculatorUICheckTestCases">
        <test-method signature="openBrowsertestCase()[pri:0, instance:com.InterestAmount.Testcases.LoanTenureCalculatorUICheckTestCases@7f485fda]" started-at="2021-04-19T04:41:54 IST" name="openBrowsertestCase" finished-at="2021-04-19T04:42:09 IST" duration-ms="15168" status="PASS">
          <reporter-output>
          </reporter-output>
        </test-method> <!-- openBrowsertestCase -->
        <test-method signature="testloanTenurenavigate()[pri:1, instance:com.InterestAmount.Testcases.LoanTenureCalculatorUICheckTestCases@7f485fda]" started-at="2021-04-19T04:42:09 IST" name="testloanTenurenavigate" finished-at="2021-04-19T04:42:17 IST" duration-ms="7474" status="PASS">
          <reporter-output>
          </reporter-output>
        </test-method> <!-- testloanTenurenavigate -->
        <test-method signature="testEMItextbox()[pri:2, instance:com.InterestAmount.Testcases.LoanTenureCalculatorUICheckTestCases@7f485fda]" started-at="2021-04-19T04:42:17 IST" name="testEMItextbox" finished-at="2021-04-19T04:42:17 IST" duration-ms="250" status="PASS">
          <reporter-output>
          </reporter-output>
        </test-method> <!-- testEMItextbox -->
        <test-method signature="testemislider()[pri:2, instance:com.InterestAmount.Testcases.LoanTenureCalculatorUICheckTestCases@7f485fda]" started-at="2021-04-19T04:42:17 IST" name="testemislider" finished-at="2021-04-19T04:42:18 IST" duration-ms="1174" status="PASS">
          <reporter-output>
          </reporter-output>
        </test-method> <!-- testemislider -->
        <test-method signature="testemislidercheck()[pri:2, instance:com.InterestAmount.Testcases.LoanTenureCalculatorUICheckTestCases@7f485fda]" started-at="2021-04-19T04:42:18 IST" name="testemislidercheck" finished-at="2021-04-19T04:42:27 IST" duration-ms="9035" status="PASS">
          <reporter-output>
          </reporter-output>
        </test-method> <!-- testemislidercheck -->
        <test-method signature="testfeechargesslider()[pri:2, instance:com.InterestAmount.Testcases.LoanTenureCalculatorUICheckTestCases@7f485fda]" started-at="2021-04-19T04:42:27 IST" name="testfeechargesslider" finished-at="2021-04-19T04:42:27 IST" duration-ms="216" status="PASS">
          <reporter-output>
          </reporter-output>
        </test-method> <!-- testfeechargesslider -->
        <test-method signature="testfeechargestextbox()[pri:2, instance:com.InterestAmount.Testcases.LoanTenureCalculatorUICheckTestCases@7f485fda]" started-at="2021-04-19T04:42:27 IST" name="testfeechargestextbox" finished-at="2021-04-19T04:42:28 IST" duration-ms="178" status="PASS">
          <reporter-output>
          </reporter-output>
        </test-method> <!-- testfeechargestextbox -->
        <test-method signature="testfeeslidercheck()[pri:2, instance:com.InterestAmount.Testcases.LoanTenureCalculatorUICheckTestCases@7f485fda]" started-at="2021-04-19T04:42:28 IST" name="testfeeslidercheck" finished-at="2021-04-19T04:42:38 IST" duration-ms="10548" status="PASS">
          <reporter-output>
          </reporter-output>
        </test-method> <!-- testfeeslidercheck -->
        <test-method signature="testinterestRatetextbox()[pri:2, instance:com.InterestAmount.Testcases.LoanTenureCalculatorUICheckTestCases@7f485fda]" started-at="2021-04-19T04:42:38 IST" name="testinterestRatetextbox" finished-at="2021-04-19T04:42:39 IST" duration-ms="801" status="PASS">
          <reporter-output>
          </reporter-output>
        </test-method> <!-- testinterestRatetextbox -->
        <test-method signature="testloanAmountslider()[pri:2, instance:com.InterestAmount.Testcases.LoanTenureCalculatorUICheckTestCases@7f485fda]" started-at="2021-04-19T04:42:39 IST" name="testloanAmountslider" finished-at="2021-04-19T04:42:39 IST" duration-ms="130" status="PASS">
          <reporter-output>
          </reporter-output>
        </test-method> <!-- testloanAmountslider -->
        <test-method signature="testloanAmountslidercheck()[pri:2, instance:com.InterestAmount.Testcases.LoanTenureCalculatorUICheckTestCases@7f485fda]" started-at="2021-04-19T04:42:39 IST" name="testloanAmountslidercheck" finished-at="2021-04-19T04:42:50 IST" duration-ms="10589" status="PASS">
          <reporter-output>
          </reporter-output>
        </test-method> <!-- testloanAmountslidercheck -->
        <test-method signature="testloanAmounttextbox()[pri:2, instance:com.InterestAmount.Testcases.LoanTenureCalculatorUICheckTestCases@7f485fda]" started-at="2021-04-19T04:42:50 IST" name="testloanAmounttextbox" finished-at="2021-04-19T04:42:50 IST" duration-ms="127" status="PASS">
          <reporter-output>
          </reporter-output>
        </test-method> <!-- testloanAmounttextbox -->
        <test-method signature="testloantermslider()[pri:2, instance:com.InterestAmount.Testcases.LoanTenureCalculatorUICheckTestCases@7f485fda]" started-at="2021-04-19T04:42:50 IST" name="testloantermslider" finished-at="2021-04-19T04:42:50 IST" duration-ms="147" status="PASS">
          <reporter-output>
          </reporter-output>
        </test-method> <!-- testloantermslider -->
        <test-method signature="testloantermslidercheck()[pri:2, instance:com.InterestAmount.Testcases.LoanTenureCalculatorUICheckTestCases@7f485fda]" started-at="2021-04-19T04:42:50 IST" name="testloantermslidercheck" finished-at="2021-04-19T04:43:00 IST" duration-ms="10605" status="PASS">
          <reporter-output>
          </reporter-output>
        </test-method> <!-- testloantermslidercheck -->
        <test-method signature="testclose()[pri:3, instance:com.InterestAmount.Testcases.LoanTenureCalculatorUICheckTestCases@7f485fda]" started-at="2021-04-19T04:43:00 IST" name="testclose" finished-at="2021-04-19T04:43:01 IST" duration-ms="429" status="PASS">
          <reporter-output>
          </reporter-output>
        </test-method> <!-- testclose -->
        <test-method signature="testendReport()[pri:4, instance:com.InterestAmount.Testcases.LoanTenureCalculatorUICheckTestCases@7f485fda]" started-at="2021-04-19T04:43:01 IST" name="testendReport" finished-at="2021-04-19T04:43:01 IST" duration-ms="273" status="PASS">
          <reporter-output>
          </reporter-output>
        </test-method> <!-- testendReport -->
      </class> <!-- com.InterestAmount.Testcases.LoanTenureCalculatorUICheckTestCases -->
    </test> <!-- Loan Tenure -->
  </suite> <!-- Suite -->
</testng-results>
